E:\SwapIt2\SwapIt\ClientSwapIt\dist\out-tsc\app\categories\interfaces\product.interface.js
E:\SwapIt2\SwapIt\ClientSwapIt\dist\out-tsc\app\categories\interfaces\product.interface.js.map
E:\SwapIt2\SwapIt\ClientSwapIt\dist\out-tsc\app\components\home\home.component.js
E:\SwapIt2\SwapIt\ClientSwapIt\dist\out-tsc\app\components\home\home.component.js.map
E:\SwapIt2\SwapIt\ClientSwapIt\dist\out-tsc\app\models\login-model.js
E:\SwapIt2\SwapIt\ClientSwapIt\dist\out-tsc\app\models\login-model.js.map
E:\SwapIt2\SwapIt\ClientSwapIt\dist\out-tsc\app\models\users.model.js
E:\SwapIt2\SwapIt\ClientSwapIt\dist\out-tsc\app\models\users.model.js.map
E:\SwapIt2\SwapIt\ClientSwapIt\dist\out-tsc\app\services\crypt.service.js
E:\SwapIt2\SwapIt\ClientSwapIt\dist\out-tsc\app\services\crypt.service.js.map
E:\SwapIt2\SwapIt\ClientSwapIt\dist\out-tsc\app\services\auth.service.js
E:\SwapIt2\SwapIt\ClientSwapIt\dist\out-tsc\app\services\auth.service.js.map
E:\SwapIt2\SwapIt\ClientSwapIt\dist\out-tsc\app\models\register-model.js
E:\SwapIt2\SwapIt\ClientSwapIt\dist\out-tsc\app\models\register-model.js.map
E:\SwapIt2\SwapIt\ClientSwapIt\dist\out-tsc\app\services\register.service.js
E:\SwapIt2\SwapIt\ClientSwapIt\dist\out-tsc\app\services\register.service.js.map
E:\SwapIt2\SwapIt\ClientSwapIt\dist\out-tsc\app\accounts\login\login.component.js
E:\SwapIt2\SwapIt\ClientSwapIt\dist\out-tsc\app\accounts\login\login.component.js.map
E:\SwapIt2\SwapIt\ClientSwapIt\dist\out-tsc\app\accounts\logout\logout.component.js
E:\SwapIt2\SwapIt\ClientSwapIt\dist\out-tsc\app\accounts\logout\logout.component.js.map
E:\SwapIt2\SwapIt\ClientSwapIt\dist\out-tsc\app\accounts\profile\profile.component.js
E:\SwapIt2\SwapIt\ClientSwapIt\dist\out-tsc\app\accounts\profile\profile.component.js.map
E:\SwapIt2\SwapIt\ClientSwapIt\dist\out-tsc\app\accounts\signup\signup.component.js
E:\SwapIt2\SwapIt\ClientSwapIt\dist\out-tsc\app\accounts\signup\signup.component.js.map
E:\SwapIt2\SwapIt\ClientSwapIt\dist\out-tsc\app\accounts\resetpassword\resetpassword.component.js
E:\SwapIt2\SwapIt\ClientSwapIt\dist\out-tsc\app\accounts\resetpassword\resetpassword.component.js.map
E:\SwapIt2\SwapIt\ClientSwapIt\dist\out-tsc\app\accounts\editprofile\editprofile.component.js
E:\SwapIt2\SwapIt\ClientSwapIt\dist\out-tsc\app\accounts\editprofile\editprofile.component.js.map
E:\SwapIt2\SwapIt\ClientSwapIt\dist\out-tsc\app\accounts\admin\admin.component.js
E:\SwapIt2\SwapIt\ClientSwapIt\dist\out-tsc\app\accounts\admin\admin.component.js.map
E:\SwapIt2\SwapIt\ClientSwapIt\dist\out-tsc\app\categories\dresses\dresses.component.js
E:\SwapIt2\SwapIt\ClientSwapIt\dist\out-tsc\app\categories\dresses\dresses.component.js.map
E:\SwapIt2\SwapIt\ClientSwapIt\dist\out-tsc\app\components\cart\cart.component.js
E:\SwapIt2\SwapIt\ClientSwapIt\dist\out-tsc\app\components\cart\cart.component.js.map
E:\SwapIt2\SwapIt\ClientSwapIt\dist\out-tsc\app\components\contact\contact.component.js
E:\SwapIt2\SwapIt\ClientSwapIt\dist\out-tsc\app\components\contact\contact.component.js.map
E:\SwapIt2\SwapIt\ClientSwapIt\dist\out-tsc\app\components\chat\chat.component.js
E:\SwapIt2\SwapIt\ClientSwapIt\dist\out-tsc\app\components\chat\chat.component.js.map
E:\SwapIt2\SwapIt\ClientSwapIt\dist\out-tsc\app\components\advertise\advertise.component.js
E:\SwapIt2\SwapIt\ClientSwapIt\dist\out-tsc\app\components\advertise\advertise.component.js.map
E:\SwapIt2\SwapIt\ClientSwapIt\dist\out-tsc\app\components\footer\footer.component.js
E:\SwapIt2\SwapIt\ClientSwapIt\dist\out-tsc\app\components\footer\footer.component.js.map
E:\SwapIt2\SwapIt\ClientSwapIt\dist\out-tsc\app\components\fav\fav.component.js
E:\SwapIt2\SwapIt\ClientSwapIt\dist\out-tsc\app\components\fav\fav.component.js.map
E:\SwapIt2\SwapIt\ClientSwapIt\dist\out-tsc\app\components\about\about.component.js
E:\SwapIt2\SwapIt\ClientSwapIt\dist\out-tsc\app\components\about\about.component.js.map
E:\SwapIt2\SwapIt\ClientSwapIt\dist\out-tsc\app\components\nav\nav.component.js
E:\SwapIt2\SwapIt\ClientSwapIt\dist\out-tsc\app\components\nav\nav.component.js.map
E:\SwapIt2\SwapIt\ClientSwapIt\dist\out-tsc\app\components\not-found\not-found.component.js
E:\SwapIt2\SwapIt\ClientSwapIt\dist\out-tsc\app\components\not-found\not-found.component.js.map
E:\SwapIt2\SwapIt\ClientSwapIt\dist\out-tsc\app\models\UserModel.js
E:\SwapIt2\SwapIt\ClientSwapIt\dist\out-tsc\app\models\UserModel.js.map
E:\SwapIt2\SwapIt\ClientSwapIt\dist\out-tsc\app\services\admin.service.js
E:\SwapIt2\SwapIt\ClientSwapIt\dist\out-tsc\app\services\admin.service.js.map
E:\SwapIt2\SwapIt\ClientSwapIt\dist\out-tsc\app\accounts\admin\add-user\add-user.component.js
E:\SwapIt2\SwapIt\ClientSwapIt\dist\out-tsc\app\accounts\admin\add-user\add-user.component.js.map
E:\SwapIt2\SwapIt\ClientSwapIt\dist\out-tsc\app\app-routing.module.js
E:\SwapIt2\SwapIt\ClientSwapIt\dist\out-tsc\app\app-routing.module.js.map
E:\SwapIt2\SwapIt\ClientSwapIt\dist\out-tsc\app\app.component.js
E:\SwapIt2\SwapIt\ClientSwapIt\dist\out-tsc\app\app.component.js.map
E:\SwapIt2\SwapIt\ClientSwapIt\dist\out-tsc\app\accounts\admin\users\users.component.js
E:\SwapIt2\SwapIt\ClientSwapIt\dist\out-tsc\app\accounts\admin\users\users.component.js.map
E:\SwapIt2\SwapIt\ClientSwapIt\dist\out-tsc\app\app.module.js
E:\SwapIt2\SwapIt\ClientSwapIt\dist\out-tsc\app\app.module.js.map
E:\SwapIt2\SwapIt\ClientSwapIt\dist\out-tsc\environments\environment.js
E:\SwapIt2\SwapIt\ClientSwapIt\dist\out-tsc\environments\environment.js.map
E:\SwapIt2\SwapIt\ClientSwapIt\dist\out-tsc\main.js
E:\SwapIt2\SwapIt\ClientSwapIt\dist\out-tsc\main.js.map
E:\SwapIt2\SwapIt\ClientSwapIt\dist\out-tsc\polyfills.js
E:\SwapIt2\SwapIt\ClientSwapIt\dist\out-tsc\polyfills.js.map
E:\SwapIt2\SwapIt\ClientSwapIt\dist\out-tsc\test.js
E:\SwapIt2\SwapIt\ClientSwapIt\dist\out-tsc\test.js.map
E:\SwapIt2\SwapIt\ClientSwapIt\dist\out-tsc\app\app.component.spec.js
E:\SwapIt2\SwapIt\ClientSwapIt\dist\out-tsc\app\app.component.spec.js.map
E:\SwapIt2\SwapIt\ClientSwapIt\dist\out-tsc\app\accounts\admin\admin.component.spec.js
E:\SwapIt2\SwapIt\ClientSwapIt\dist\out-tsc\app\accounts\admin\admin.component.spec.js.map
E:\SwapIt2\SwapIt\ClientSwapIt\dist\out-tsc\app\accounts\admin\add-user\add-user.component.spec.js
E:\SwapIt2\SwapIt\ClientSwapIt\dist\out-tsc\app\accounts\admin\add-user\add-user.component.spec.js.map
E:\SwapIt2\SwapIt\ClientSwapIt\dist\out-tsc\app\accounts\admin\users\users.component.spec.js
E:\SwapIt2\SwapIt\ClientSwapIt\dist\out-tsc\app\accounts\admin\users\users.component.spec.js.map
E:\SwapIt2\SwapIt\ClientSwapIt\dist\out-tsc\app\accounts\editprofile\editprofile.component.spec.js
E:\SwapIt2\SwapIt\ClientSwapIt\dist\out-tsc\app\accounts\editprofile\editprofile.component.spec.js.map
E:\SwapIt2\SwapIt\ClientSwapIt\dist\out-tsc\app\accounts\login\login.component.spec.js
E:\SwapIt2\SwapIt\ClientSwapIt\dist\out-tsc\app\accounts\login\login.component.spec.js.map
E:\SwapIt2\SwapIt\ClientSwapIt\dist\out-tsc\app\accounts\logout\logout.component.spec.js
E:\SwapIt2\SwapIt\ClientSwapIt\dist\out-tsc\app\accounts\logout\logout.component.spec.js.map
E:\SwapIt2\SwapIt\ClientSwapIt\dist\out-tsc\app\accounts\profile\profile.component.spec.js
E:\SwapIt2\SwapIt\ClientSwapIt\dist\out-tsc\app\accounts\profile\profile.component.spec.js.map
E:\SwapIt2\SwapIt\ClientSwapIt\dist\out-tsc\app\accounts\resetpassword\resetpassword.component.spec.js
E:\SwapIt2\SwapIt\ClientSwapIt\dist\out-tsc\app\accounts\resetpassword\resetpassword.component.spec.js.map
E:\SwapIt2\SwapIt\ClientSwapIt\dist\out-tsc\app\accounts\signup\signup.component.spec.js
E:\SwapIt2\SwapIt\ClientSwapIt\dist\out-tsc\app\accounts\signup\signup.component.spec.js.map
E:\SwapIt2\SwapIt\ClientSwapIt\dist\out-tsc\app\categories\dresses\dresses.component.spec.js
E:\SwapIt2\SwapIt\ClientSwapIt\dist\out-tsc\app\categories\dresses\dresses.component.spec.js.map
E:\SwapIt2\SwapIt\ClientSwapIt\dist\out-tsc\app\components\about\about.component.spec.js
E:\SwapIt2\SwapIt\ClientSwapIt\dist\out-tsc\app\components\about\about.component.spec.js.map
E:\SwapIt2\SwapIt\ClientSwapIt\dist\out-tsc\app\components\advertise\advertise.component.spec.js
E:\SwapIt2\SwapIt\ClientSwapIt\dist\out-tsc\app\components\advertise\advertise.component.spec.js.map
E:\SwapIt2\SwapIt\ClientSwapIt\dist\out-tsc\app\components\cart\cart.component.spec.js
E:\SwapIt2\SwapIt\ClientSwapIt\dist\out-tsc\app\components\cart\cart.component.spec.js.map
E:\SwapIt2\SwapIt\ClientSwapIt\dist\out-tsc\app\components\chat\chat.component.spec.js
E:\SwapIt2\SwapIt\ClientSwapIt\dist\out-tsc\app\components\chat\chat.component.spec.js.map
E:\SwapIt2\SwapIt\ClientSwapIt\dist\out-tsc\app\components\contact\contact.component.spec.js
E:\SwapIt2\SwapIt\ClientSwapIt\dist\out-tsc\app\components\contact\contact.component.spec.js.map
E:\SwapIt2\SwapIt\ClientSwapIt\dist\out-tsc\app\components\fav\fav.component.spec.js
E:\SwapIt2\SwapIt\ClientSwapIt\dist\out-tsc\app\components\fav\fav.component.spec.js.map
E:\SwapIt2\SwapIt\ClientSwapIt\dist\out-tsc\app\components\footer\footer.component.spec.js
E:\SwapIt2\SwapIt\ClientSwapIt\dist\out-tsc\app\components\footer\footer.component.spec.js.map
E:\SwapIt2\SwapIt\ClientSwapIt\dist\out-tsc\app\components\home\home.component.spec.js
E:\SwapIt2\SwapIt\ClientSwapIt\dist\out-tsc\app\components\home\home.component.spec.js.map
E:\SwapIt2\SwapIt\ClientSwapIt\dist\out-tsc\app\components\nav\nav.component.spec.js
E:\SwapIt2\SwapIt\ClientSwapIt\dist\out-tsc\app\components\nav\nav.component.spec.js.map
E:\SwapIt2\SwapIt\ClientSwapIt\dist\out-tsc\app\components\not-found\not-found.component.spec.js
E:\SwapIt2\SwapIt\ClientSwapIt\dist\out-tsc\app\components\not-found\not-found.component.spec.js.map
E:\SwapIt2\SwapIt\ClientSwapIt\dist\out-tsc\app\services\admin.service.spec.js
E:\SwapIt2\SwapIt\ClientSwapIt\dist\out-tsc\app\services\admin.service.spec.js.map
E:\SwapIt2\SwapIt\ClientSwapIt\dist\out-tsc\app\services\auth.service.spec.js
E:\SwapIt2\SwapIt\ClientSwapIt\dist\out-tsc\app\services\auth.service.spec.js.map
E:\SwapIt2\SwapIt\ClientSwapIt\dist\out-tsc\app\services\crypt.service.spec.js
E:\SwapIt2\SwapIt\ClientSwapIt\dist\out-tsc\app\services\crypt.service.spec.js.map
E:\SwapIt2\SwapIt\ClientSwapIt\dist\out-tsc\app\services\register.service.spec.js
E:\SwapIt2\SwapIt\ClientSwapIt\dist\out-tsc\app\services\register.service.spec.js.map
E:\SwapIt2\SwapIt\ClientSwapIt\dist\out-tsc\environments\environment.prod.js
E:\SwapIt2\SwapIt\ClientSwapIt\dist\out-tsc\environments\environment.prod.js.map
